<?xml version="1.0" encoding="UTF-8"?>
<!-- Generated by org.testng.reporters.JUnitXMLReporter -->
<testsuite ignored="0" hostname="MBP-de-Tiago.lan" failures="0" tests="40" name="Surefire test" time="0.156" errors="0" timestamp="2024-05-20T17:30:42 WEST">
  <testcase classname="com.interview.coding.battleshipservice.repository.GameRepositoryImplTest" name="testGetGame" time="0.021"/>
  <testcase classname="com.interview.coding.battleshipservice.repository.GameRepositoryImplTest" name="testNewGame" time="0.0"/>
  <testcase classname="com.interview.coding.battleshipservice.repository.GameRepositoryImplTest" name="testSaveGame" time="0.001"/>
  <testcase classname="com.interview.coding.battleshipservice.repository.GameRepositoryImplTest" name="testUpdateGame" time="0.001"/>
  <testcase classname="com.interview.coding.battleshipservice.util.ShipDeploymentValidatorTest" name="testValidateWithDuplicatedShipType" time="0.002"/>
  <testcase classname="com.interview.coding.battleshipservice.util.ShipDeploymentValidatorTest" name="testValidateWithIncorrectShipsNumberDeployed" time="0.0"/>
  <testcase classname="com.interview.coding.battleshipservice.util.ShipDeploymentValidatorTest" name="testValidateWithOverlappingShips" time="0.001"/>
  <testcase classname="com.interview.coding.battleshipservice.util.ShipDeploymentValidatorTest" name="testValidateWithShipOutOfGrid" time="0.001"/>
  <testcase classname="com.interview.coding.battleshipservice.util.ShipDeploymentValidatorTest" name="testValidateWithValidDeployment" time="0.001"/>
  <testcase classname="com.interview.coding.battleshipservice.util.ShipDeploymentValidatorTest" name="testValidateWithWrongShipLength" time="0.004"/>
  <testcase classname="com.interview.coding.battleshipservice.controller.EngineeringControllerTest" name="testPing" time="0.001"/>
  <testcase classname="com.interview.coding.battleshipservice.controller.GameControllerTest" name="testDeployShips" time="0.004"/>
  <testcase classname="com.interview.coding.battleshipservice.controller.GameControllerTest" name="testFire" time="0.0"/>
  <testcase classname="com.interview.coding.battleshipservice.controller.GameControllerTest" name="testJoinGame" time="0.0"/>
  <testcase classname="com.interview.coding.battleshipservice.controller.GameControllerTest" name="testNewGame" time="0.0"/>
  <testcase classname="com.interview.coding.battleshipservice.service.KafkaProducerServiceTest" name="testGameCreatedEvent" time="0.002"/>
  <testcase classname="com.interview.coding.battleshipservice.service.KafkaProducerServiceTest" name="testGameCreatedEventException" time="0.0"/>
  <testcase classname="com.interview.coding.battleshipservice.service.KafkaProducerServiceTest" name="testGameFireEvent" time="0.001"/>
  <testcase classname="com.interview.coding.battleshipservice.service.KafkaProducerServiceTest" name="testGameFireEventException" time="0.0"/>
  <testcase classname="com.interview.coding.battleshipservice.service.GameServiceTest" name="testDeployShips" time="0.006"/>
  <testcase classname="com.interview.coding.battleshipservice.service.GameServiceTest" name="testDeployShipsAlreadyDeployed" time="0.0"/>
  <testcase classname="com.interview.coding.battleshipservice.service.GameServiceTest" name="testDeployShipsAndPlayersReady" time="0.001"/>
  <testcase classname="com.interview.coding.battleshipservice.service.GameServiceTest" name="testDeployShipsWithIncorrectShipType" time="0.001"/>
  <testcase classname="com.interview.coding.battleshipservice.service.GameServiceTest" name="testFireHit" time="0.003"/>
  <testcase classname="com.interview.coding.battleshipservice.service.GameServiceTest" name="testFireMiss" time="0.001"/>
  <testcase classname="com.interview.coding.battleshipservice.service.GameServiceTest" name="testFireSunkAndGameWon" time="0.001"/>
  <testcase classname="com.interview.coding.battleshipservice.service.GameServiceTest" name="testFireWhenGameIsAlreadyFinished" time="0.001"/>
  <testcase classname="com.interview.coding.battleshipservice.service.GameServiceTest" name="testFireWhenIsNotPlayerTurn" time="0.0"/>
  <testcase classname="com.interview.coding.battleshipservice.service.GameServiceTest" name="testFireWhenIsNotPlayerTurnAndNeedToPingTheComputer" time="0.001"/>
  <testcase classname="com.interview.coding.battleshipservice.service.GameServiceTest" name="testFireWhenPlayersNotReady" time="0.001"/>
  <testcase classname="com.interview.coding.battleshipservice.service.GameServiceTest" name="testJoinFullGame" time="0.0"/>
  <testcase classname="com.interview.coding.battleshipservice.service.GameServiceTest" name="testJoinGame" time="0.0"/>
  <testcase classname="com.interview.coding.battleshipservice.service.GameServiceTest" name="testNewGameVsComputer" time="0.0"/>
  <testcase classname="com.interview.coding.battleshipservice.service.GameServiceTest" name="testNewGameVsHumanPlayer" time="0.0"/>
  <testcase classname="com.interview.coding.battleshipservice.service.CoordinateServiceTest" name="testDecodeCoordinateA1" time="0.0"/>
  <testcase classname="com.interview.coding.battleshipservice.service.CoordinateServiceTest" name="testDecodeWrongCoordinatePattern" time="0.0"/>
  <testcase classname="com.interview.coding.battleshipservice.service.FieldServiceTest" name="testBuildFieldShipsDeployment" time="0.0"/>
  <testcase classname="com.interview.coding.battleshipservice.service.FieldServiceTest" name="testBuildWater" time="0.0"/>
  <testcase classname="com.interview.coding.battleshipservice.service.FieldServiceTest" name="testShipSunkNoHit" time="0.0"/>
  <testcase classname="com.interview.coding.battleshipservice.service.FieldServiceTest" name="testShipSunkPartialHit" time="0.0"/>
</testsuite> <!-- Surefire test -->
