<?xml version="1.0" encoding="UTF-8"?>
<testsuite xmlns:xsi="http://www.w3.org/2001/XMLSchema-instance" xsi:noNamespaceSchemaLocation="https://maven.apache.org/surefire/maven-surefire-plugin/xsd/surefire-test-report.xsd" name="TestSuite" time="0.366" tests="40" errors="0" skipped="0" failures="0">
  <properties>
[...]
</properties>
  <testcase name="testGetGame" classname="com.interview.coding.battleshipservice.repository.GameRepositoryImplTest" time="0.022"/>
  <testcase name="testNewGame" classname="com.interview.coding.battleshipservice.repository.GameRepositoryImplTest" time="0"/>
  <testcase name="testSaveGame" classname="com.interview.coding.battleshipservice.repository.GameRepositoryImplTest" time="0.001"/>
  <testcase name="testUpdateGame" classname="com.interview.coding.battleshipservice.repository.GameRepositoryImplTest" time="0.001"/>
  <testcase name="testValidateWithDuplicatedShipType" classname="com.interview.coding.battleshipservice.util.ShipDeploymentValidatorTest" time="0.002"/>
  <testcase name="testValidateWithIncorrectShipsNumberDeployed" classname="com.interview.coding.battleshipservice.util.ShipDeploymentValidatorTest" time="0"/>
  <testcase name="testValidateWithOverlappingShips" classname="com.interview.coding.battleshipservice.util.ShipDeploymentValidatorTest" time="0"/>
  <testcase name="testValidateWithShipOutOfGrid" classname="com.interview.coding.battleshipservice.util.ShipDeploymentValidatorTest" time="0.001"/>
  <testcase name="testValidateWithValidDeployment" classname="com.interview.coding.battleshipservice.util.ShipDeploymentValidatorTest" time="0.001"/>
  <testcase name="testValidateWithWrongShipLength" classname="com.interview.coding.battleshipservice.util.ShipDeploymentValidatorTest" time="0.005"/>
  <testcase name="testPing" classname="com.interview.coding.battleshipservice.controller.EngineeringControllerTest" time="0.001"/>
  <testcase name="testDeployShips" classname="com.interview.coding.battleshipservice.controller.GameControllerTest" time="0.004"/>
  <testcase name="testFire" classname="com.interview.coding.battleshipservice.controller.GameControllerTest" time="0"/>
  <testcase name="testJoinGame" classname="com.interview.coding.battleshipservice.controller.GameControllerTest" time="0"/>
  <testcase name="testNewGame" classname="com.interview.coding.battleshipservice.controller.GameControllerTest" time="0"/>
  <testcase name="testGameCreatedEvent" classname="com.interview.coding.battleshipservice.service.KafkaProducerServiceTest" time="0.002"/>
  <testcase name="testGameCreatedEventException" classname="com.interview.coding.battleshipservice.service.KafkaProducerServiceTest" time="0"/>
  <testcase name="testGameFireEvent" classname="com.interview.coding.battleshipservice.service.KafkaProducerServiceTest" time="0.001"/>
  <testcase name="testGameFireEventException" classname="com.interview.coding.battleshipservice.service.KafkaProducerServiceTest" time="0"/>
  <testcase name="testDeployShips" classname="com.interview.coding.battleshipservice.service.GameServiceTest" time="0.006"/>
  <testcase name="testDeployShipsAlreadyDeployed" classname="com.interview.coding.battleshipservice.service.GameServiceTest" time="0.001"/>
  <testcase name="testDeployShipsAndPlayersReady" classname="com.interview.coding.battleshipservice.service.GameServiceTest" time="0.001"/>
  <testcase name="testDeployShipsWithIncorrectShipType" classname="com.interview.coding.battleshipservice.service.GameServiceTest" time="0.001"/>
  <testcase name="testFireHit" classname="com.interview.coding.battleshipservice.service.GameServiceTest" time="0.003"/>
  <testcase name="testFireMiss" classname="com.interview.coding.battleshipservice.service.GameServiceTest" time="0.001"/>
  <testcase name="testFireSunkAndGameWon" classname="com.interview.coding.battleshipservice.service.GameServiceTest" time="0.001"/>
  <testcase name="testFireWhenGameIsAlreadyFinished" classname="com.interview.coding.battleshipservice.service.GameServiceTest" time="0"/>
  <testcase name="testFireWhenIsNotPlayerTurn" classname="com.interview.coding.battleshipservice.service.GameServiceTest" time="0.001"/>
  <testcase name="testFireWhenIsNotPlayerTurnAndNeedToPingTheComputer" classname="com.interview.coding.battleshipservice.service.GameServiceTest" time="0.001"/>
  <testcase name="testFireWhenPlayersNotReady" classname="com.interview.coding.battleshipservice.service.GameServiceTest" time="0.001"/>
  <testcase name="testJoinFullGame" classname="com.interview.coding.battleshipservice.service.GameServiceTest" time="0.001"/>
  <testcase name="testJoinGame" classname="com.interview.coding.battleshipservice.service.GameServiceTest" time="0"/>
  <testcase name="testNewGameVsComputer" classname="com.interview.coding.battleshipservice.service.GameServiceTest" time="0"/>
  <testcase name="testNewGameVsHumanPlayer" classname="com.interview.coding.battleshipservice.service.GameServiceTest" time="0"/>
  <testcase name="testDecodeCoordinateA1" classname="com.interview.coding.battleshipservice.service.CoordinateServiceTest" time="0"/>
  <testcase name="testDecodeWrongCoordinatePattern" classname="com.interview.coding.battleshipservice.service.CoordinateServiceTest" time="0"/>
  <testcase name="testBuildFieldShipsDeployment" classname="com.interview.coding.battleshipservice.service.FieldServiceTest" time="0"/>
  <testcase name="testBuildWater" classname="com.interview.coding.battleshipservice.service.FieldServiceTest" time="0"/>
  <testcase name="testShipSunkNoHit" classname="com.interview.coding.battleshipservice.service.FieldServiceTest" time="0"/>
  <testcase name="testShipSunkPartialHit" classname="com.interview.coding.battleshipservice.service.FieldServiceTest" time="0"/>
</testsuite>