<?xml version="1.0" encoding="UTF-8"?>
<!-- Generated by org.testng.reporters.JUnitXMLReporter -->
<testsuite ignored="0" hostname="MBP-de-Tiago.lan" failures="0" tests="14" name="Surefire test" time="0.976" errors="0" timestamp="2024-05-20T17:30:44 WEST">
  <testcase classname="com.interview.coding.battleshipcomputerservice.controller.EngineeringControllerTest" name="testPing" time="0.002"/>
  <testcase classname="com.interview.coding.battleshipcomputerservice.controller.KafkaMDBTest" name="testOnGameFieldFire" time="0.017"/>
  <testcase classname="com.interview.coding.battleshipcomputerservice.controller.KafkaMDBTest" name="testOnGameNew" time="0.0"/>
  <testcase classname="com.interview.coding.battleshipcomputerservice.service.BattleshipClientTest" name="testDeployShips" time="0.002"/>
  <testcase classname="com.interview.coding.battleshipcomputerservice.service.BattleshipClientTest" name="testDeployShipsOnBadRequest" time="0.0"/>
  <testcase classname="com.interview.coding.battleshipcomputerservice.service.BattleshipClientTest" name="testFire" time="0.001"/>
  <testcase classname="com.interview.coding.battleshipcomputerservice.service.BattleshipClientTest" name="testFireOnBadRequest" time="0.0"/>
  <testcase classname="com.interview.coding.battleshipcomputerservice.service.BattleshipClientTest" name="testJoinGame" time="0.001"/>
  <testcase classname="com.interview.coding.battleshipcomputerservice.service.BattleshipClientTest" name="testJoinGameOnBadRequest" time="0.0"/>
  <testcase classname="com.interview.coding.battleshipcomputerservice.service.BattleshipClientTest" name="testNewInstance" time="0.215"/>
  <testcase classname="com.interview.coding.battleshipcomputerservice.service.CoordinateServiceTest" name="testRandomCoordinate" time="0.0"/>
  <testcase classname="com.interview.coding.battleshipcomputerservice.service.BattleshipServiceTest" name="testDeployShips" time="0.0"/>
  <testcase classname="com.interview.coding.battleshipcomputerservice.service.BattleshipServiceTest" name="testFire" time="0.604"/>
  <testcase classname="com.interview.coding.battleshipcomputerservice.service.BattleshipServiceTest" name="testJoinGame" time="0.0"/>
</testsuite> <!-- Surefire test -->
