<?xml version="1.0" encoding="UTF-8"?>
<testsuite xmlns:xsi="http://www.w3.org/2001/XMLSchema-instance" xsi:noNamespaceSchemaLocation="https://maven.apache.org/surefire/maven-surefire-plugin/xsd/surefire-test-report.xsd" name="TestSuite" time="1.157" tests="14" errors="0" skipped="0" failures="0">
  <properties>
[...]
</properties>
  <testcase name="testPing" classname="com.interview.coding.battleshipcomputerservice.controller.EngineeringControllerTest" time="0.002"/>
  <testcase name="testOnGameFieldFire" classname="com.interview.coding.battleshipcomputerservice.controller.KafkaMDBTest" time="0.017"/>
  <testcase name="testOnGameNew" classname="com.interview.coding.battleshipcomputerservice.controller.KafkaMDBTest" time="0.001"/>
  <testcase name="testDeployShips" classname="com.interview.coding.battleshipcomputerservice.service.BattleshipClientTest" time="0.001"/>
  <testcase name="testDeployShipsOnBadRequest" classname="com.interview.coding.battleshipcomputerservice.service.BattleshipClientTest" time="0.001"/>
  <testcase name="testFire" classname="com.interview.coding.battleshipcomputerservice.service.BattleshipClientTest" time="0"/>
  <testcase name="testFireOnBadRequest" classname="com.interview.coding.battleshipcomputerservice.service.BattleshipClientTest" time="0"/>
  <testcase name="testJoinGame" classname="com.interview.coding.battleshipcomputerservice.service.BattleshipClientTest" time="0"/>
  <testcase name="testJoinGameOnBadRequest" classname="com.interview.coding.battleshipcomputerservice.service.BattleshipClientTest" time="0.001"/>
  <testcase name="testNewInstance" classname="com.interview.coding.battleshipcomputerservice.service.BattleshipClientTest" time="0.215"/>
  <testcase name="testRandomCoordinate" classname="com.interview.coding.battleshipcomputerservice.service.CoordinateServiceTest" time="0"/>
  <testcase name="testDeployShips" classname="com.interview.coding.battleshipcomputerservice.service.BattleshipServiceTest" time="0"/>
  <testcase name="testFire" classname="com.interview.coding.battleshipcomputerservice.service.BattleshipServiceTest" time="0.605"/>
  <testcase name="testJoinGame" classname="com.interview.coding.battleshipcomputerservice.service.BattleshipServiceTest" time="0"/>
</testsuite>