<?xml version="1.0" encoding="UTF-8"?>
<testng-results ignored="0" total="14" passed="14" failed="0" skipped="0">
  <reporter-output>
  </reporter-output>
  <suite started-at="2024-05-20T17:30:43 WEST" name="Surefire suite" finished-at="2024-05-20T17:30:43 WEST" duration-ms="976">
    <groups>
    </groups>
    <test started-at="2024-05-20T17:30:43 WEST" name="Surefire test" finished-at="2024-05-20T17:30:43 WEST" duration-ms="976">
      <class name="com.interview.coding.battleshipcomputerservice.service.BattleshipClientTest">
        <test-method is-config="true" signature="init()[pri:0, instance:com.interview.coding.battleshipcomputerservice.service.BattleshipClientTest@8dbdac1]" started-at="2024-05-20T17:30:43 WEST" name="init" finished-at="2024-05-20T17:30:43 WEST" duration-ms="35" status="PASS">
          <reporter-output>
          </reporter-output>
        </test-method> <!-- init -->
        <test-method signature="testDeployShips()[pri:0, instance:com.interview.coding.battleshipcomputerservice.service.BattleshipClientTest@8dbdac1]" started-at="2024-05-20T17:30:43 WEST" name="testDeployShips" finished-at="2024-05-20T17:30:43 WEST" duration-ms="2" status="PASS">
          <reporter-output>
          </reporter-output>
        </test-method> <!-- testDeployShips -->
        <test-method is-config="true" signature="init()[pri:0, instance:com.interview.coding.battleshipcomputerservice.service.BattleshipClientTest@8dbdac1]" started-at="2024-05-20T17:30:43 WEST" name="init" finished-at="2024-05-20T17:30:43 WEST" duration-ms="1" status="PASS">
          <reporter-output>
          </reporter-output>
        </test-method> <!-- init -->
        <test-method signature="testDeployShipsOnBadRequest()[pri:0, instance:com.interview.coding.battleshipcomputerservice.service.BattleshipClientTest@8dbdac1]" started-at="2024-05-20T17:30:43 WEST" name="testDeployShipsOnBadRequest" finished-at="2024-05-20T17:30:43 WEST" duration-ms="0" status="PASS">
          <exception class="com.interview.coding.battleshipcomputerservice.exception.ClientException">
            <message>
              <![CDATA[Error 404 calling game.field.ships.deploy: null]]>
            </message>
            <full-stacktrace>
              <![CDATA[com.interview.coding.battleshipcomputerservice.exception.ClientException: Error 404 calling game.field.ships.deploy: null
at com.interview.coding.battleshipcomputerservice.service.BattleshipClient.deployShips(BattleshipClient.java:48)
at com.interview.coding.battleshipcomputerservice.service.BattleshipClientTest.testDeployShipsOnBadRequest(BattleshipClientTest.java:65)
at java.base/jdk.internal.reflect.NativeMethodAccessorImpl.invoke0(Native Method)
at java.base/jdk.internal.reflect.NativeMethodAccessorImpl.invoke(NativeMethodAccessorImpl.java:62)
at java.base/jdk.internal.reflect.DelegatingMethodAccessorImpl.invoke(DelegatingMethodAccessorImpl.java:43)
at java.base/java.lang.reflect.Method.invoke(Method.java:566)
at org.testng.internal.MethodInvocationHelper.invokeMethod(MethodInvocationHelper.java:132)
at org.testng.internal.TestInvoker.invokeMethod(TestInvoker.java:599)
at org.testng.internal.TestInvoker.invokeTestMethod(TestInvoker.java:174)
at org.testng.internal.MethodRunner.runInSequence(MethodRunner.java:46)
at org.testng.internal.TestInvoker$MethodInvocationAgent.invoke(TestInvoker.java:822)
at org.testng.internal.TestInvoker.invokeTestMethods(TestInvoker.java:147)
at org.testng.internal.TestMethodWorker.invokeTestMethods(TestMethodWorker.java:146)
at org.testng.internal.TestMethodWorker.run(TestMethodWorker.java:128)
at java.base/java.util.ArrayList.forEach(ArrayList.java:1541)
at org.testng.TestRunner.privateRun(TestRunner.java:764)
at org.testng.TestRunner.run(TestRunner.java:585)
at org.testng.SuiteRunner.runTest(SuiteRunner.java:384)
at org.testng.SuiteRunner.runSequentially(SuiteRunner.java:378)
at org.testng.SuiteRunner.privateRun(SuiteRunner.java:337)
at org.testng.SuiteRunner.run(SuiteRunner.java:286)
at org.testng.SuiteRunnerWorker.runSuite(SuiteRunnerWorker.java:53)
at org.testng.SuiteRunnerWorker.run(SuiteRunnerWorker.java:96)
at org.testng.TestNG.runSuitesSequentially(TestNG.java:1218)
at org.testng.TestNG.runSuitesLocally(TestNG.java:1140)
at org.testng.TestNG.runSuites(TestNG.java:1069)
at org.testng.TestNG.run(TestNG.java:1037)
at org.apache.maven.surefire.testng.TestNGExecutor.run(TestNGExecutor.java:135)
at org.apache.maven.surefire.testng.TestNGDirectoryTestSuite.executeMulti(TestNGDirectoryTestSuite.java:193)
at org.apache.maven.surefire.testng.TestNGDirectoryTestSuite.execute(TestNGDirectoryTestSuite.java:94)
at org.apache.maven.surefire.testng.TestNGProvider.invoke(TestNGProvider.java:146)
at org.apache.maven.surefire.booter.ForkedBooter.invokeProviderInSameClassLoader(ForkedBooter.java:384)
at org.apache.maven.surefire.booter.ForkedBooter.runSuitesInProcess(ForkedBooter.java:345)
at org.apache.maven.surefire.booter.ForkedBooter.execute(ForkedBooter.java:126)
at org.apache.maven.surefire.booter.ForkedBooter.main(ForkedBooter.java:418)
]]>
            </full-stacktrace>
          </exception> <!-- com.interview.coding.battleshipcomputerservice.exception.ClientException -->
          <reporter-output>
          </reporter-output>
        </test-method> <!-- testDeployShipsOnBadRequest -->
        <test-method is-config="true" signature="init()[pri:0, instance:com.interview.coding.battleshipcomputerservice.service.BattleshipClientTest@8dbdac1]" started-at="2024-05-20T17:30:43 WEST" name="init" finished-at="2024-05-20T17:30:43 WEST" duration-ms="0" status="PASS">
          <reporter-output>
          </reporter-output>
        </test-method> <!-- init -->
        <test-method signature="testFire()[pri:0, instance:com.interview.coding.battleshipcomputerservice.service.BattleshipClientTest@8dbdac1]" started-at="2024-05-20T17:30:43 WEST" name="testFire" finished-at="2024-05-20T17:30:43 WEST" duration-ms="1" status="PASS">
          <reporter-output>
          </reporter-output>
        </test-method> <!-- testFire -->
        <test-method is-config="true" signature="init()[pri:0, instance:com.interview.coding.battleshipcomputerservice.service.BattleshipClientTest@8dbdac1]" started-at="2024-05-20T17:30:43 WEST" name="init" finished-at="2024-05-20T17:30:43 WEST" duration-ms="1" status="PASS">
          <reporter-output>
          </reporter-output>
        </test-method> <!-- init -->
        <test-method signature="testFireOnBadRequest()[pri:0, instance:com.interview.coding.battleshipcomputerservice.service.BattleshipClientTest@8dbdac1]" started-at="2024-05-20T17:30:43 WEST" name="testFireOnBadRequest" finished-at="2024-05-20T17:30:43 WEST" duration-ms="0" status="PASS">
          <exception class="com.interview.coding.battleshipcomputerservice.exception.ClientException">
            <message>
              <![CDATA[Error 404 calling game.field.fire: null]]>
            </message>
            <full-stacktrace>
              <![CDATA[com.interview.coding.battleshipcomputerservice.exception.ClientException: Error 404 calling game.field.fire: null
at com.interview.coding.battleshipcomputerservice.service.BattleshipClient.fire(BattleshipClient.java:57)
at com.interview.coding.battleshipcomputerservice.service.BattleshipClientTest.testFireOnBadRequest(BattleshipClientTest.java:79)
at java.base/jdk.internal.reflect.NativeMethodAccessorImpl.invoke0(Native Method)
at java.base/jdk.internal.reflect.NativeMethodAccessorImpl.invoke(NativeMethodAccessorImpl.java:62)
at java.base/jdk.internal.reflect.DelegatingMethodAccessorImpl.invoke(DelegatingMethodAccessorImpl.java:43)
at java.base/java.lang.reflect.Method.invoke(Method.java:566)
at org.testng.internal.MethodInvocationHelper.invokeMethod(MethodInvocationHelper.java:132)
at org.testng.internal.TestInvoker.invokeMethod(TestInvoker.java:599)
at org.testng.internal.TestInvoker.invokeTestMethod(TestInvoker.java:174)
at org.testng.internal.MethodRunner.runInSequence(MethodRunner.java:46)
at org.testng.internal.TestInvoker$MethodInvocationAgent.invoke(TestInvoker.java:822)
at org.testng.internal.TestInvoker.invokeTestMethods(TestInvoker.java:147)
at org.testng.internal.TestMethodWorker.invokeTestMethods(TestMethodWorker.java:146)
at org.testng.internal.TestMethodWorker.run(TestMethodWorker.java:128)
at java.base/java.util.ArrayList.forEach(ArrayList.java:1541)
at org.testng.TestRunner.privateRun(TestRunner.java:764)
at org.testng.TestRunner.run(TestRunner.java:585)
at org.testng.SuiteRunner.runTest(SuiteRunner.java:384)
at org.testng.SuiteRunner.runSequentially(SuiteRunner.java:378)
at org.testng.SuiteRunner.privateRun(SuiteRunner.java:337)
at org.testng.SuiteRunner.run(SuiteRunner.java:286)
at org.testng.SuiteRunnerWorker.runSuite(SuiteRunnerWorker.java:53)
at org.testng.SuiteRunnerWorker.run(SuiteRunnerWorker.java:96)
at org.testng.TestNG.runSuitesSequentially(TestNG.java:1218)
at org.testng.TestNG.runSuitesLocally(TestNG.java:1140)
at org.testng.TestNG.runSuites(TestNG.java:1069)
at org.testng.TestNG.run(TestNG.java:1037)
at org.apache.maven.surefire.testng.TestNGExecutor.run(TestNGExecutor.java:135)
at org.apache.maven.surefire.testng.TestNGDirectoryTestSuite.executeMulti(TestNGDirectoryTestSuite.java:193)
at org.apache.maven.surefire.testng.TestNGDirectoryTestSuite.execute(TestNGDirectoryTestSuite.java:94)
at org.apache.maven.surefire.testng.TestNGProvider.invoke(TestNGProvider.java:146)
at org.apache.maven.surefire.booter.ForkedBooter.invokeProviderInSameClassLoader(ForkedBooter.java:384)
at org.apache.maven.surefire.booter.ForkedBooter.runSuitesInProcess(ForkedBooter.java:345)
at org.apache.maven.surefire.booter.ForkedBooter.execute(ForkedBooter.java:126)
at org.apache.maven.surefire.booter.ForkedBooter.main(ForkedBooter.java:418)
]]>
            </full-stacktrace>
          </exception> <!-- com.interview.coding.battleshipcomputerservice.exception.ClientException -->
          <reporter-output>
          </reporter-output>
        </test-method> <!-- testFireOnBadRequest -->
        <test-method signature="testJoinGame()[pri:0, instance:com.interview.coding.battleshipcomputerservice.service.BattleshipClientTest@8dbdac1]" started-at="2024-05-20T17:30:43 WEST" name="testJoinGame" finished-at="2024-05-20T17:30:43 WEST" duration-ms="1" status="PASS">
          <reporter-output>
          </reporter-output>
        </test-method> <!-- testJoinGame -->
        <test-method is-config="true" signature="init()[pri:0, instance:com.interview.coding.battleshipcomputerservice.service.BattleshipClientTest@8dbdac1]" started-at="2024-05-20T17:30:43 WEST" name="init" finished-at="2024-05-20T17:30:43 WEST" duration-ms="0" status="PASS">
          <reporter-output>
          </reporter-output>
        </test-method> <!-- init -->
        <test-method is-config="true" signature="init()[pri:0, instance:com.interview.coding.battleshipcomputerservice.service.BattleshipClientTest@8dbdac1]" started-at="2024-05-20T17:30:43 WEST" name="init" finished-at="2024-05-20T17:30:43 WEST" duration-ms="0" status="PASS">
          <reporter-output>
          </reporter-output>
        </test-method> <!-- init -->
        <test-method signature="testJoinGameOnBadRequest()[pri:0, instance:com.interview.coding.battleshipcomputerservice.service.BattleshipClientTest@8dbdac1]" started-at="2024-05-20T17:30:43 WEST" name="testJoinGameOnBadRequest" finished-at="2024-05-20T17:30:43 WEST" duration-ms="0" status="PASS">
          <exception class="com.interview.coding.battleshipcomputerservice.exception.ClientException">
            <message>
              <![CDATA[Error 404 calling game.join: null]]>
            </message>
            <full-stacktrace>
              <![CDATA[com.interview.coding.battleshipcomputerservice.exception.ClientException: Error 404 calling game.join: null
at com.interview.coding.battleshipcomputerservice.service.BattleshipClient.joinGame(BattleshipClient.java:39)
at com.interview.coding.battleshipcomputerservice.service.BattleshipClientTest.testJoinGameOnBadRequest(BattleshipClientTest.java:53)
at java.base/jdk.internal.reflect.NativeMethodAccessorImpl.invoke0(Native Method)
at java.base/jdk.internal.reflect.NativeMethodAccessorImpl.invoke(NativeMethodAccessorImpl.java:62)
at java.base/jdk.internal.reflect.DelegatingMethodAccessorImpl.invoke(DelegatingMethodAccessorImpl.java:43)
at java.base/java.lang.reflect.Method.invoke(Method.java:566)
at org.testng.internal.MethodInvocationHelper.invokeMethod(MethodInvocationHelper.java:132)
at org.testng.internal.TestInvoker.invokeMethod(TestInvoker.java:599)
at org.testng.internal.TestInvoker.invokeTestMethod(TestInvoker.java:174)
at org.testng.internal.MethodRunner.runInSequence(MethodRunner.java:46)
at org.testng.internal.TestInvoker$MethodInvocationAgent.invoke(TestInvoker.java:822)
at org.testng.internal.TestInvoker.invokeTestMethods(TestInvoker.java:147)
at org.testng.internal.TestMethodWorker.invokeTestMethods(TestMethodWorker.java:146)
at org.testng.internal.TestMethodWorker.run(TestMethodWorker.java:128)
at java.base/java.util.ArrayList.forEach(ArrayList.java:1541)
at org.testng.TestRunner.privateRun(TestRunner.java:764)
at org.testng.TestRunner.run(TestRunner.java:585)
at org.testng.SuiteRunner.runTest(SuiteRunner.java:384)
at org.testng.SuiteRunner.runSequentially(SuiteRunner.java:378)
at org.testng.SuiteRunner.privateRun(SuiteRunner.java:337)
at org.testng.SuiteRunner.run(SuiteRunner.java:286)
at org.testng.SuiteRunnerWorker.runSuite(SuiteRunnerWorker.java:53)
at org.testng.SuiteRunnerWorker.run(SuiteRunnerWorker.java:96)
at org.testng.TestNG.runSuitesSequentially(TestNG.java:1218)
at org.testng.TestNG.runSuitesLocally(TestNG.java:1140)
at org.testng.TestNG.runSuites(TestNG.java:1069)
at org.testng.TestNG.run(TestNG.java:1037)
at org.apache.maven.surefire.testng.TestNGExecutor.run(TestNGExecutor.java:135)
at org.apache.maven.surefire.testng.TestNGDirectoryTestSuite.executeMulti(TestNGDirectoryTestSuite.java:193)
at org.apache.maven.surefire.testng.TestNGDirectoryTestSuite.execute(TestNGDirectoryTestSuite.java:94)
at org.apache.maven.surefire.testng.TestNGProvider.invoke(TestNGProvider.java:146)
at org.apache.maven.surefire.booter.ForkedBooter.invokeProviderInSameClassLoader(ForkedBooter.java:384)
at org.apache.maven.surefire.booter.ForkedBooter.runSuitesInProcess(ForkedBooter.java:345)
at org.apache.maven.surefire.booter.ForkedBooter.execute(ForkedBooter.java:126)
at org.apache.maven.surefire.booter.ForkedBooter.main(ForkedBooter.java:418)
]]>
            </full-stacktrace>
          </exception> <!-- com.interview.coding.battleshipcomputerservice.exception.ClientException -->
          <reporter-output>
          </reporter-output>
        </test-method> <!-- testJoinGameOnBadRequest -->
        <test-method is-config="true" signature="init()[pri:0, instance:com.interview.coding.battleshipcomputerservice.service.BattleshipClientTest@8dbdac1]" started-at="2024-05-20T17:30:43 WEST" name="init" finished-at="2024-05-20T17:30:43 WEST" duration-ms="1" status="PASS">
          <reporter-output>
          </reporter-output>
        </test-method> <!-- init -->
        <test-method signature="testNewInstance()[pri:0, instance:com.interview.coding.battleshipcomputerservice.service.BattleshipClientTest@8dbdac1]" started-at="2024-05-20T17:30:43 WEST" name="testNewInstance" finished-at="2024-05-20T17:30:43 WEST" duration-ms="215" status="PASS">
          <reporter-output>
          </reporter-output>
        </test-method> <!-- testNewInstance -->
      </class> <!-- com.interview.coding.battleshipcomputerservice.service.BattleshipClientTest -->
      <class name="com.interview.coding.battleshipcomputerservice.service.CoordinateServiceTest">
        <test-method signature="testRandomCoordinate()[pri:0, instance:com.interview.coding.battleshipcomputerservice.service.CoordinateServiceTest@6e20b53a]" started-at="2024-05-20T17:30:43 WEST" name="testRandomCoordinate" finished-at="2024-05-20T17:30:43 WEST" duration-ms="0" status="PASS">
          <reporter-output>
          </reporter-output>
        </test-method> <!-- testRandomCoordinate -->
        <test-method is-config="true" signature="init()[pri:0, instance:com.interview.coding.battleshipcomputerservice.service.CoordinateServiceTest@6e20b53a]" started-at="2024-05-20T17:30:43 WEST" name="init" finished-at="2024-05-20T17:30:43 WEST" duration-ms="0" status="PASS">
          <reporter-output>
          </reporter-output>
        </test-method> <!-- init -->
      </class> <!-- com.interview.coding.battleshipcomputerservice.service.CoordinateServiceTest -->
      <class name="com.interview.coding.battleshipcomputerservice.controller.EngineeringControllerTest">
        <test-method signature="testPing()[pri:0, instance:com.interview.coding.battleshipcomputerservice.controller.EngineeringControllerTest@5e0826e7]" started-at="2024-05-20T17:30:43 WEST" name="testPing" finished-at="2024-05-20T17:30:43 WEST" duration-ms="2" status="PASS">
          <reporter-output>
          </reporter-output>
        </test-method> <!-- testPing -->
      </class> <!-- com.interview.coding.battleshipcomputerservice.controller.EngineeringControllerTest -->
      <class name="com.interview.coding.battleshipcomputerservice.controller.KafkaMDBTest">
        <test-method is-config="true" signature="init()[pri:0, instance:com.interview.coding.battleshipcomputerservice.controller.KafkaMDBTest@32eff876]" started-at="2024-05-20T17:30:43 WEST" name="init" finished-at="2024-05-20T17:30:43 WEST" duration-ms="69" status="PASS">
          <reporter-output>
          </reporter-output>
        </test-method> <!-- init -->
        <test-method signature="testOnGameFieldFire()[pri:0, instance:com.interview.coding.battleshipcomputerservice.controller.KafkaMDBTest@32eff876]" started-at="2024-05-20T17:30:43 WEST" name="testOnGameFieldFire" finished-at="2024-05-20T17:30:43 WEST" duration-ms="17" status="PASS">
          <reporter-output>
          </reporter-output>
        </test-method> <!-- testOnGameFieldFire -->
        <test-method is-config="true" signature="init()[pri:0, instance:com.interview.coding.battleshipcomputerservice.controller.KafkaMDBTest@32eff876]" started-at="2024-05-20T17:30:43 WEST" name="init" finished-at="2024-05-20T17:30:43 WEST" duration-ms="1" status="PASS">
          <reporter-output>
          </reporter-output>
        </test-method> <!-- init -->
        <test-method signature="testOnGameNew()[pri:0, instance:com.interview.coding.battleshipcomputerservice.controller.KafkaMDBTest@32eff876]" started-at="2024-05-20T17:30:43 WEST" name="testOnGameNew" finished-at="2024-05-20T17:30:43 WEST" duration-ms="0" status="PASS">
          <reporter-output>
          </reporter-output>
        </test-method> <!-- testOnGameNew -->
      </class> <!-- com.interview.coding.battleshipcomputerservice.controller.KafkaMDBTest -->
      <class name="com.interview.coding.battleshipcomputerservice.service.BattleshipServiceTest">
        <test-method is-config="true" signature="init()[pri:0, instance:com.interview.coding.battleshipcomputerservice.service.BattleshipServiceTest@71809907]" started-at="2024-05-20T17:30:43 WEST" name="init" finished-at="2024-05-20T17:30:43 WEST" duration-ms="3" status="PASS">
          <reporter-output>
          </reporter-output>
        </test-method> <!-- init -->
        <test-method is-config="true" signature="init()[pri:0, instance:com.interview.coding.battleshipcomputerservice.service.BattleshipServiceTest@71809907]" started-at="2024-05-20T17:30:43 WEST" name="init" finished-at="2024-05-20T17:30:43 WEST" duration-ms="1" status="PASS">
          <reporter-output>
          </reporter-output>
        </test-method> <!-- init -->
        <test-method signature="testDeployShips()[pri:0, instance:com.interview.coding.battleshipcomputerservice.service.BattleshipServiceTest@71809907]" started-at="2024-05-20T17:30:43 WEST" name="testDeployShips" finished-at="2024-05-20T17:30:43 WEST" duration-ms="0" status="PASS">
          <reporter-output>
          </reporter-output>
        </test-method> <!-- testDeployShips -->
        <test-method signature="testFire()[pri:0, instance:com.interview.coding.battleshipcomputerservice.service.BattleshipServiceTest@71809907]" started-at="2024-05-20T17:30:43 WEST" name="testFire" finished-at="2024-05-20T17:30:43 WEST" duration-ms="604" status="PASS">
          <reporter-output>
          </reporter-output>
        </test-method> <!-- testFire -->
        <test-method is-config="true" signature="init()[pri:0, instance:com.interview.coding.battleshipcomputerservice.service.BattleshipServiceTest@71809907]" started-at="2024-05-20T17:30:43 WEST" name="init" finished-at="2024-05-20T17:30:43 WEST" duration-ms="1" status="PASS">
          <reporter-output>
          </reporter-output>
        </test-method> <!-- init -->
        <test-method signature="testJoinGame()[pri:0, instance:com.interview.coding.battleshipcomputerservice.service.BattleshipServiceTest@71809907]" started-at="2024-05-20T17:30:43 WEST" name="testJoinGame" finished-at="2024-05-20T17:30:43 WEST" duration-ms="0" status="PASS">
          <reporter-output>
          </reporter-output>
        </test-method> <!-- testJoinGame -->
      </class> <!-- com.interview.coding.battleshipcomputerservice.service.BattleshipServiceTest -->
    </test> <!-- Surefire test -->
  </suite> <!-- Surefire suite -->
</testng-results>
